<?xml version="1.0" encoding="UTF-8"?>
<!-- Generated by org.testng.reporters.JUnitReportReporter -->
<testsuite hostname="Binals-MacBook-Air.local" failures="0" tests="3" name="testCases.HomePageTest" time="27.476" errors="0" timestamp="01 Nov 2024 22:46:30 GMT" skipped="0">
  <testcase classname="testCases.HomePageTest" name="verifyHomePageTitleTest" time="6.645"/>
  <testcase classname="testCases.HomePageTest" name="verifyUsernameTest" time="14.165"/>
  <testcase classname="testCases.HomePageTest" name="writeInSearchBoxTest" time="6.666"/>
</testsuite> <!-- testCases.HomePageTest -->
