<?xml version="1.0" encoding="UTF-8"?>
<!-- Generated by org.testng.reporters.JUnitReportReporter -->
<testsuite hostname="Binals-MacBook-Air.local" failures="0" tests="3" name="testCases.DealsPageTest" time="27.496" errors="0" timestamp="01 Nov 2024 22:46:30 GMT" skipped="0">
  <testcase classname="testCases.DealsPageTest" name="verifyDealsPageTitleTest" time="10.185"/>
  <testcase classname="testCases.DealsPageTest" name="verifySearchBox" time="8.376"/>
  <testcase classname="testCases.DealsPageTest" name="verifyDealsTest" time="8.935"/>
</testsuite> <!-- testCases.DealsPageTest -->
