<?xml version="1.0" encoding="UTF-8"?>
<!-- Generated by org.testng.reporters.JUnitReportReporter -->
<testsuite hostname="Binals-MacBook-Air.local" failures="0" tests="4" name="testCases.HelpAndContactsPageTest" time="54.530" errors="0" timestamp="01 Nov 2024 22:46:30 GMT" skipped="0">
  <testcase classname="testCases.HelpAndContactsPageTest" name="searchBoxAndSearchBtnTest" time="28.824"/>
  <testcase classname="testCases.HelpAndContactsPageTest" name="verifyebayLogoTest" time="9.202"/>
  <testcase classname="testCases.HelpAndContactsPageTest" name="verifysrTitleTest" time="9.198"/>
  <testcase classname="testCases.HelpAndContactsPageTest" name="verifyCustomerServiceTitleTest" time="7.306"/>
</testsuite> <!-- testCases.HelpAndContactsPageTest -->
